This file contains any messages produced by compilers while
running configure, to aid debugging if configure makes a mistake.

It was created by AMON-SENSS configure 1.0, which was
generated by GNU Autoconf 2.69.  Invocation command line was

  $ ./configure 

## --------- ##
## Platform. ##
## --------- ##

hostname = patrol
uname -m = x86_64
uname -r = 4.4.0-112-generic
uname -s = Linux
uname -v = #135-Ubuntu SMP Fri Jan 19 11:48:36 UTC 2018

/usr/bin/uname -p = unknown
/bin/uname -X     = unknown

/bin/arch              = unknown
/usr/bin/arch -k       = unknown
/usr/convex/getsysinfo = unknown
/usr/bin/hostinfo      = unknown
/bin/machine           = unknown
/usr/bin/oslevel       = unknown
/bin/universe          = unknown

PATH: /usr/local/sbin
PATH: /usr/local/bin
PATH: /usr/sbin
PATH: /usr/bin
PATH: /sbin
PATH: /bin
PATH: /usr/games
PATH: /usr/local/games
PATH: /snap/bin


## ----------- ##
## Core tests. ##
## ----------- ##

configure:2382: checking for a BSD-compatible install
configure:2450: result: /usr/bin/install -c
configure:2461: checking whether build environment is sane
configure:2516: result: yes
configure:2667: checking for a thread-safe mkdir -p
configure:2706: result: /bin/mkdir -p
configure:2713: checking for gawk
configure:2729: found /usr/bin/gawk
configure:2740: result: gawk
configure:2751: checking whether make sets $(MAKE)
configure:2773: result: yes
configure:2802: checking whether make supports nested variables
configure:2819: result: yes
configure:3005: checking for g++
configure:3021: found /usr/bin/g++
configure:3032: result: g++
configure:3059: checking for C++ compiler version
configure:3068: g++ --version >&5
g++ (Ubuntu 5.4.0-6ubuntu1~16.04.6) 5.4.0 20160609
Copyright (C) 2015 Free Software Foundation, Inc.
This is free software; see the source for copying conditions.  There is NO
warranty; not even for MERCHANTABILITY or FITNESS FOR A PARTICULAR PURPOSE.

configure:3079: $? = 0
configure:3068: g++ -v >&5
Using built-in specs.
COLLECT_GCC=g++
COLLECT_LTO_WRAPPER=/usr/lib/gcc/x86_64-linux-gnu/5/lto-wrapper
Target: x86_64-linux-gnu
Configured with: ../src/configure -v --with-pkgversion='Ubuntu 5.4.0-6ubuntu1~16.04.6' --with-bugurl=file:///usr/share/doc/gcc-5/README.Bugs --enable-languages=c,ada,c++,java,go,d,fortran,objc,obj-c++ --prefix=/usr --program-suffix=-5 --enable-shared --enable-linker-build-id --libexecdir=/usr/lib --without-included-gettext --enable-threads=posix --libdir=/usr/lib --enable-nls --with-sysroot=/ --enable-clocale=gnu --enable-libstdcxx-debug --enable-libstdcxx-time=yes --with-default-libstdcxx-abi=new --enable-gnu-unique-object --disable-vtable-verify --enable-libmpx --enable-plugin --with-system-zlib --disable-browser-plugin --enable-java-awt=gtk --enable-gtk-cairo --with-java-home=/usr/lib/jvm/java-1.5.0-gcj-5-amd64/jre --enable-java-home --with-jvm-root-dir=/usr/lib/jvm/java-1.5.0-gcj-5-amd64 --with-jvm-jar-dir=/usr/lib/jvm-exports/java-1.5.0-gcj-5-amd64 --with-arch-directory=amd64 --with-ecj-jar=/usr/share/java/eclipse-ecj.jar --enable-objc-gc --enable-multiarch --disable-werror --with-arch-32=i686 --with-abi=m64 --with-multilib-list=m32,m64,mx32 --enable-multilib --with-tune=generic --enable-checking=release --build=x86_64-linux-gnu --host=x86_64-linux-gnu --target=x86_64-linux-gnu
Thread model: posix
gcc version 5.4.0 20160609 (Ubuntu 5.4.0-6ubuntu1~16.04.6) 
configure:3079: $? = 0
configure:3068: g++ -V >&5
g++: error: unrecognized command line option '-V'
g++: fatal error: no input files
compilation terminated.
configure:3079: $? = 1
configure:3068: g++ -qversion >&5
g++: error: unrecognized command line option '-qversion'
g++: fatal error: no input files
compilation terminated.
configure:3079: $? = 1
configure:3099: checking whether the C++ compiler works
configure:3121: g++    conftest.cpp  >&5
configure:3125: $? = 0
configure:3173: result: yes
configure:3176: checking for C++ compiler default output file name
configure:3178: result: a.out
configure:3184: checking for suffix of executables
configure:3191: g++ -o conftest    conftest.cpp  >&5
configure:3195: $? = 0
configure:3217: result: 
configure:3239: checking whether we are cross compiling
configure:3247: g++ -o conftest    conftest.cpp  >&5
configure:3251: $? = 0
configure:3258: ./conftest
configure:3262: $? = 0
configure:3277: result: no
configure:3282: checking for suffix of object files
configure:3304: g++ -c   conftest.cpp >&5
configure:3308: $? = 0
configure:3329: result: o
configure:3333: checking whether we are using the GNU C++ compiler
configure:3352: g++ -c   conftest.cpp >&5
configure:3352: $? = 0
configure:3361: result: yes
configure:3370: checking whether g++ accepts -g
configure:3390: g++ -c -g  conftest.cpp >&5
configure:3390: $? = 0
configure:3431: result: yes
configure:3465: checking for style of include used by make
configure:3493: result: GNU
configure:3519: checking dependency style of g++
configure:3630: result: gcc3
configure:3693: checking for gcc
configure:3709: found /usr/bin/gcc
configure:3720: result: gcc
configure:3949: checking for C compiler version
configure:3958: gcc --version >&5
gcc (Ubuntu 4.8.5-4ubuntu2) 4.8.5
Copyright (C) 2015 Free Software Foundation, Inc.
This is free software; see the source for copying conditions.  There is NO
warranty; not even for MERCHANTABILITY or FITNESS FOR A PARTICULAR PURPOSE.

configure:3969: $? = 0
configure:3958: gcc -v >&5
Using built-in specs.
COLLECT_GCC=gcc
COLLECT_LTO_WRAPPER=/usr/lib/gcc/x86_64-linux-gnu/4.8/lto-wrapper
Target: x86_64-linux-gnu
Configured with: ../src/configure -v --with-pkgversion='Ubuntu 4.8.5-4ubuntu2' --with-bugurl=file:///usr/share/doc/gcc-4.8/README.Bugs --enable-languages=c,c++,java,go,d,fortran,objc,obj-c++ --prefix=/usr --program-suffix=-4.8 --enable-shared --enable-linker-build-id --libexecdir=/usr/lib --without-included-gettext --enable-threads=posix --with-gxx-include-dir=/usr/include/c++/4.8 --libdir=/usr/lib --enable-nls --with-sysroot=/ --enable-clocale=gnu --enable-libstdcxx-debug --enable-libstdcxx-time=yes --enable-gnu-unique-object --disable-libmudflap --enable-plugin --with-system-zlib --disable-browser-plugin --enable-java-awt=gtk --enable-gtk-cairo --with-java-home=/usr/lib/jvm/java-1.5.0-gcj-4.8-amd64/jre --enable-java-home --with-jvm-root-dir=/usr/lib/jvm/java-1.5.0-gcj-4.8-amd64 --with-jvm-jar-dir=/usr/lib/jvm-exports/java-1.5.0-gcj-4.8-amd64 --with-arch-directory=amd64 --with-ecj-jar=/usr/share/java/eclipse-ecj.jar --enable-objc-gc --enable-multiarch --disable-werror --with-arch-32=i686 --with-abi=m64 --with-multilib-list=m32,m64,mx32 --with-tune=generic --enable-checking=release --build=x86_64-linux-gnu --host=x86_64-linux-gnu --target=x86_64-linux-gnu
Thread model: posix
gcc version 4.8.5 (Ubuntu 4.8.5-4ubuntu2) 
configure:3969: $? = 0
configure:3958: gcc -V >&5
gcc: error: unrecognized command line option '-V'
gcc: fatal error: no input files
compilation terminated.
configure:3969: $? = 4
configure:3958: gcc -qversion >&5
gcc: error: unrecognized command line option '-qversion'
gcc: fatal error: no input files
compilation terminated.
configure:3969: $? = 4
configure:3973: checking whether we are using the GNU C compiler
configure:3992: gcc -c   conftest.c >&5
configure:3992: $? = 0
configure:4001: result: yes
configure:4010: checking whether gcc accepts -g
configure:4030: gcc -c -g  conftest.c >&5
configure:4030: $? = 0
configure:4071: result: yes
configure:4088: checking for gcc option to accept ISO C89
configure:4151: gcc  -c -g -O2  conftest.c >&5
configure:4151: $? = 0
configure:4164: result: none needed
configure:4189: checking whether gcc understands -c and -o together
configure:4211: gcc -c conftest.c -o conftest2.o
configure:4214: $? = 0
configure:4211: gcc -c conftest.c -o conftest2.o
configure:4214: $? = 0
configure:4226: result: yes
configure:4245: checking dependency style of gcc
configure:4356: result: gcc3
configure:4374: checking for library containing pthread_create
configure:4405: gcc -o conftest -g -O2   conftest.c  >&5
/tmp/ccFfJ8qv.o: In function `main':
/nfs_ds/users/mirkovic/SENSS/Detection/AMON-SENSS/release/conftest.c:22: undefined reference to `pthread_create'
collect2: error: ld returned 1 exit status
configure:4405: $? = 1
configure: failed program was:
| /* confdefs.h */
| #define PACKAGE_NAME "AMON-SENSS"
| #define PACKAGE_TARNAME "amon-senss"
| #define PACKAGE_VERSION "1.0"
| #define PACKAGE_STRING "AMON-SENSS 1.0"
| #define PACKAGE_BUGREPORT "sunshine@isi.edu"
| #define PACKAGE_URL ""
| #define PACKAGE "amon-senss"
| #define VERSION "1.0"
| /* end confdefs.h.  */
| 
| /* Override any GCC internal prototype to avoid an error.
|    Use char because int might match the return type of a GCC
|    builtin and then its argument prototype would still apply.  */
| #ifdef __cplusplus
| extern "C"
| #endif
| char pthread_create ();
| int
| main ()
| {
| return pthread_create ();
|   ;
|   return 0;
| }
configure:4405: gcc -o conftest -g -O2   conftest.c -lpthread   >&5
configure:4405: $? = 0
configure:4422: result: -lpthread
configure:4430: checking for library containing pcap_open_offline
configure:4461: gcc -o conftest -g -O2   conftest.c -lpthread  >&5
/tmp/ccR3Ajsx.o: In function `main':
/nfs_ds/users/mirkovic/SENSS/Detection/AMON-SENSS/release/conftest.c:22: undefined reference to `pcap_open_offline'
collect2: error: ld returned 1 exit status
configure:4461: $? = 1
configure: failed program was:
| /* confdefs.h */
| #define PACKAGE_NAME "AMON-SENSS"
| #define PACKAGE_TARNAME "amon-senss"
| #define PACKAGE_VERSION "1.0"
| #define PACKAGE_STRING "AMON-SENSS 1.0"
| #define PACKAGE_BUGREPORT "sunshine@isi.edu"
| #define PACKAGE_URL ""
| #define PACKAGE "amon-senss"
| #define VERSION "1.0"
| /* end confdefs.h.  */
| 
| /* Override any GCC internal prototype to avoid an error.
|    Use char because int might match the return type of a GCC
|    builtin and then its argument prototype would still apply.  */
| #ifdef __cplusplus
| extern "C"
| #endif
| char pcap_open_offline ();
| int
| main ()
| {
| return pcap_open_offline ();
|   ;
|   return 0;
| }
configure:4461: gcc -o conftest -g -O2   conftest.c -lpcap  -lpthread  >&5
configure:4461: $? = 0
configure:4478: result: -lpcap
configure:4492: checking how to run the C preprocessor
configure:4523: gcc -E  conftest.c
configure:4523: $? = 0
configure:4537: gcc -E  conftest.c
conftest.c:11:28: fatal error: ac_nonexistent.h: No such file or directory
 #include <ac_nonexistent.h>
                            ^
compilation terminated.
configure:4537: $? = 1
configure: failed program was:
| /* confdefs.h */
| #define PACKAGE_NAME "AMON-SENSS"
| #define PACKAGE_TARNAME "amon-senss"
| #define PACKAGE_VERSION "1.0"
| #define PACKAGE_STRING "AMON-SENSS 1.0"
| #define PACKAGE_BUGREPORT "sunshine@isi.edu"
| #define PACKAGE_URL ""
| #define PACKAGE "amon-senss"
| #define VERSION "1.0"
| /* end confdefs.h.  */
| #include <ac_nonexistent.h>
configure:4562: result: gcc -E
configure:4582: gcc -E  conftest.c
configure:4582: $? = 0
configure:4596: gcc -E  conftest.c
conftest.c:11:28: fatal error: ac_nonexistent.h: No such file or directory
 #include <ac_nonexistent.h>
                            ^
compilation terminated.
configure:4596: $? = 1
configure: failed program was:
| /* confdefs.h */
| #define PACKAGE_NAME "AMON-SENSS"
| #define PACKAGE_TARNAME "amon-senss"
| #define PACKAGE_VERSION "1.0"
| #define PACKAGE_STRING "AMON-SENSS 1.0"
| #define PACKAGE_BUGREPORT "sunshine@isi.edu"
| #define PACKAGE_URL ""
| #define PACKAGE "amon-senss"
| #define VERSION "1.0"
| /* end confdefs.h.  */
| #include <ac_nonexistent.h>
configure:4625: checking for grep that handles long lines and -e
configure:4683: result: /bin/grep
configure:4688: checking for egrep
configure:4750: result: /bin/grep -E
configure:4755: checking for ANSI C header files
configure:4775: gcc -c -g -O2  conftest.c >&5
configure:4775: $? = 0
configure:4848: gcc -o conftest -g -O2   conftest.c -lpcap -lpthread  >&5
configure:4848: $? = 0
configure:4848: ./conftest
configure:4848: $? = 0
configure:4859: result: yes
configure:4872: checking for sys/types.h
configure:4872: gcc -c -g -O2  conftest.c >&5
configure:4872: $? = 0
configure:4872: result: yes
configure:4872: checking for sys/stat.h
configure:4872: gcc -c -g -O2  conftest.c >&5
configure:4872: $? = 0
configure:4872: result: yes
configure:4872: checking for stdlib.h
configure:4872: gcc -c -g -O2  conftest.c >&5
configure:4872: $? = 0
configure:4872: result: yes
configure:4872: checking for string.h
configure:4872: gcc -c -g -O2  conftest.c >&5
configure:4872: $? = 0
configure:4872: result: yes
configure:4872: checking for memory.h
configure:4872: gcc -c -g -O2  conftest.c >&5
configure:4872: $? = 0
configure:4872: result: yes
configure:4872: checking for strings.h
configure:4872: gcc -c -g -O2  conftest.c >&5
configure:4872: $? = 0
configure:4872: result: yes
configure:4872: checking for inttypes.h
configure:4872: gcc -c -g -O2  conftest.c >&5
configure:4872: $? = 0
configure:4872: result: yes
configure:4872: checking for stdint.h
configure:4872: gcc -c -g -O2  conftest.c >&5
configure:4872: $? = 0
configure:4872: result: yes
configure:4872: checking for unistd.h
configure:4872: gcc -c -g -O2  conftest.c >&5
configure:4872: $? = 0
configure:4872: result: yes
configure:4887: checking arpa/inet.h usability
configure:4887: gcc -c -g -O2  conftest.c >&5
configure:4887: $? = 0
configure:4887: result: yes
configure:4887: checking arpa/inet.h presence
configure:4887: gcc -E  conftest.c
configure:4887: $? = 0
configure:4887: result: yes
configure:4887: checking for arpa/inet.h
configure:4887: result: yes
configure:4887: checking fcntl.h usability
configure:4887: gcc -c -g -O2  conftest.c >&5
configure:4887: $? = 0
configure:4887: result: yes
configure:4887: checking fcntl.h presence
configure:4887: gcc -E  conftest.c
configure:4887: $? = 0
configure:4887: result: yes
configure:4887: checking for fcntl.h
configure:4887: result: yes
configure:4887: checking locale.h usability
configure:4887: gcc -c -g -O2  conftest.c >&5
configure:4887: $? = 0
configure:4887: result: yes
configure:4887: checking locale.h presence
configure:4887: gcc -E  conftest.c
configure:4887: $? = 0
configure:4887: result: yes
configure:4887: checking for locale.h
configure:4887: result: yes
configure:4887: checking netdb.h usability
configure:4887: gcc -c -g -O2  conftest.c >&5
configure:4887: $? = 0
configure:4887: result: yes
configure:4887: checking netdb.h presence
configure:4887: gcc -E  conftest.c
configure:4887: $? = 0
configure:4887: result: yes
configure:4887: checking for netdb.h
configure:4887: result: yes
configure:4887: checking netinet/in.h usability
configure:4887: gcc -c -g -O2  conftest.c >&5
configure:4887: $? = 0
configure:4887: result: yes
configure:4887: checking netinet/in.h presence
configure:4887: gcc -E  conftest.c
configure:4887: $? = 0
configure:4887: result: yes
configure:4887: checking for netinet/in.h
configure:4887: result: yes
configure:4887: checking for stdint.h
configure:4887: result: yes
configure:4887: checking for string.h
configure:4887: result: yes
configure:4887: checking sys/socket.h usability
configure:4887: gcc -c -g -O2  conftest.c >&5
configure:4887: $? = 0
configure:4887: result: yes
configure:4887: checking sys/socket.h presence
configure:4887: gcc -E  conftest.c
configure:4887: $? = 0
configure:4887: result: yes
configure:4887: checking for sys/socket.h
configure:4887: result: yes
configure:4887: checking sys/time.h usability
configure:4887: gcc -c -g -O2  conftest.c >&5
configure:4887: $? = 0
configure:4887: result: yes
configure:4887: checking sys/time.h presence
configure:4887: gcc -E  conftest.c
configure:4887: $? = 0
configure:4887: result: yes
configure:4887: checking for sys/time.h
configure:4887: result: yes
configure:4887: checking for unistd.h
configure:4887: result: yes
configure:4899: checking for stdbool.h that conforms to C99
configure:4966: gcc -c -g -O2  conftest.c >&5
configure:4966: $? = 0
configure:4973: result: yes
configure:4975: checking for _Bool
configure:4975: gcc -c -g -O2  conftest.c >&5
configure:4975: $? = 0
configure:4975: gcc -c -g -O2  conftest.c >&5
conftest.c: In function 'main':
conftest.c:67:20: error: expected expression before ')' token
 if (sizeof ((_Bool)))
                    ^
configure:4975: $? = 1
configure: failed program was:
| /* confdefs.h */
| #define PACKAGE_NAME "AMON-SENSS"
| #define PACKAGE_TARNAME "amon-senss"
| #define PACKAGE_VERSION "1.0"
| #define PACKAGE_STRING "AMON-SENSS 1.0"
| #define PACKAGE_BUGREPORT "sunshine@isi.edu"
| #define PACKAGE_URL ""
| #define PACKAGE "amon-senss"
| #define VERSION "1.0"
| #define STDC_HEADERS 1
| #define HAVE_SYS_TYPES_H 1
| #define HAVE_SYS_STAT_H 1
| #define HAVE_STDLIB_H 1
| #define HAVE_STRING_H 1
| #define HAVE_MEMORY_H 1
| #define HAVE_STRINGS_H 1
| #define HAVE_INTTYPES_H 1
| #define HAVE_STDINT_H 1
| #define HAVE_UNISTD_H 1
| #define HAVE_ARPA_INET_H 1
| #define HAVE_FCNTL_H 1
| #define HAVE_LOCALE_H 1
| #define HAVE_NETDB_H 1
| #define HAVE_NETINET_IN_H 1
| #define HAVE_STDINT_H 1
| #define HAVE_STRING_H 1
| #define HAVE_SYS_SOCKET_H 1
| #define HAVE_SYS_TIME_H 1
| #define HAVE_UNISTD_H 1
| /* end confdefs.h.  */
| #include <stdio.h>
| #ifdef HAVE_SYS_TYPES_H
| # include <sys/types.h>
| #endif
| #ifdef HAVE_SYS_STAT_H
| # include <sys/stat.h>
| #endif
| #ifdef STDC_HEADERS
| # include <stdlib.h>
| # include <stddef.h>
| #else
| # ifdef HAVE_STDLIB_H
| #  include <stdlib.h>
| # endif
| #endif
| #ifdef HAVE_STRING_H
| # if !defined STDC_HEADERS && defined HAVE_MEMORY_H
| #  include <memory.h>
| # endif
| # include <string.h>
| #endif
| #ifdef HAVE_STRINGS_H
| # include <strings.h>
| #endif
| #ifdef HAVE_INTTYPES_H
| # include <inttypes.h>
| #endif
| #ifdef HAVE_STDINT_H
| # include <stdint.h>
| #endif
| #ifdef HAVE_UNISTD_H
| # include <unistd.h>
| #endif
| int
| main ()
| {
| if (sizeof ((_Bool)))
| 	    return 0;
|   ;
|   return 0;
| }
configure:4975: result: yes
configure:4986: checking for int32_t
configure:4986: gcc -c -g -O2  conftest.c >&5
configure:4986: $? = 0
configure:4986: gcc -c -g -O2  conftest.c >&5
conftest.c: In function 'main':
conftest.c:70:53: warning: integer overflow in expression [-Woverflow]
    < (int32_t) (((((int32_t) 1 << N) << N) - 1) * 2 + 2))];
                                                     ^
conftest.c:69:12: error: storage size of 'test_array' isn't constant
 static int test_array [1 - 2 * !((int32_t) (((((int32_t) 1 << N) << N) - 1) * 2 + 1)
            ^
configure:4986: $? = 1
configure: failed program was:
| /* confdefs.h */
| #define PACKAGE_NAME "AMON-SENSS"
| #define PACKAGE_TARNAME "amon-senss"
| #define PACKAGE_VERSION "1.0"
| #define PACKAGE_STRING "AMON-SENSS 1.0"
| #define PACKAGE_BUGREPORT "sunshine@isi.edu"
| #define PACKAGE_URL ""
| #define PACKAGE "amon-senss"
| #define VERSION "1.0"
| #define STDC_HEADERS 1
| #define HAVE_SYS_TYPES_H 1
| #define HAVE_SYS_STAT_H 1
| #define HAVE_STDLIB_H 1
| #define HAVE_STRING_H 1
| #define HAVE_MEMORY_H 1
| #define HAVE_STRINGS_H 1
| #define HAVE_INTTYPES_H 1
| #define HAVE_STDINT_H 1
| #define HAVE_UNISTD_H 1
| #define HAVE_ARPA_INET_H 1
| #define HAVE_FCNTL_H 1
| #define HAVE_LOCALE_H 1
| #define HAVE_NETDB_H 1
| #define HAVE_NETINET_IN_H 1
| #define HAVE_STDINT_H 1
| #define HAVE_STRING_H 1
| #define HAVE_SYS_SOCKET_H 1
| #define HAVE_SYS_TIME_H 1
| #define HAVE_UNISTD_H 1
| #define HAVE__BOOL 1
| /* end confdefs.h.  */
| #include <stdio.h>
| #ifdef HAVE_SYS_TYPES_H
| # include <sys/types.h>
| #endif
| #ifdef HAVE_SYS_STAT_H
| # include <sys/stat.h>
| #endif
| #ifdef STDC_HEADERS
| # include <stdlib.h>
| # include <stddef.h>
| #else
| # ifdef HAVE_STDLIB_H
| #  include <stdlib.h>
| # endif
| #endif
| #ifdef HAVE_STRING_H
| # if !defined STDC_HEADERS && defined HAVE_MEMORY_H
| #  include <memory.h>
| # endif
| # include <string.h>
| #endif
| #ifdef HAVE_STRINGS_H
| # include <strings.h>
| #endif
| #ifdef HAVE_INTTYPES_H
| # include <inttypes.h>
| #endif
| #ifdef HAVE_STDINT_H
| # include <stdint.h>
| #endif
| #ifdef HAVE_UNISTD_H
| # include <unistd.h>
| #endif
| 	        enum { N = 32 / 2 - 1 };
| int
| main ()
| {
| static int test_array [1 - 2 * !((int32_t) (((((int32_t) 1 << N) << N) - 1) * 2 + 1)
| 		 < (int32_t) (((((int32_t) 1 << N) << N) - 1) * 2 + 2))];
| test_array [0] = 0;
| return test_array [0];
| 
|   ;
|   return 0;
| }
configure:4986: result: yes
configure:4997: checking for size_t
configure:4997: gcc -c -g -O2  conftest.c >&5
configure:4997: $? = 0
configure:4997: gcc -c -g -O2  conftest.c >&5
conftest.c: In function 'main':
conftest.c:68:21: error: expected expression before ')' token
 if (sizeof ((size_t)))
                     ^
configure:4997: $? = 1
configure: failed program was:
| /* confdefs.h */
| #define PACKAGE_NAME "AMON-SENSS"
| #define PACKAGE_TARNAME "amon-senss"
| #define PACKAGE_VERSION "1.0"
| #define PACKAGE_STRING "AMON-SENSS 1.0"
| #define PACKAGE_BUGREPORT "sunshine@isi.edu"
| #define PACKAGE_URL ""
| #define PACKAGE "amon-senss"
| #define VERSION "1.0"
| #define STDC_HEADERS 1
| #define HAVE_SYS_TYPES_H 1
| #define HAVE_SYS_STAT_H 1
| #define HAVE_STDLIB_H 1
| #define HAVE_STRING_H 1
| #define HAVE_MEMORY_H 1
| #define HAVE_STRINGS_H 1
| #define HAVE_INTTYPES_H 1
| #define HAVE_STDINT_H 1
| #define HAVE_UNISTD_H 1
| #define HAVE_ARPA_INET_H 1
| #define HAVE_FCNTL_H 1
| #define HAVE_LOCALE_H 1
| #define HAVE_NETDB_H 1
| #define HAVE_NETINET_IN_H 1
| #define HAVE_STDINT_H 1
| #define HAVE_STRING_H 1
| #define HAVE_SYS_SOCKET_H 1
| #define HAVE_SYS_TIME_H 1
| #define HAVE_UNISTD_H 1
| #define HAVE__BOOL 1
| /* end confdefs.h.  */
| #include <stdio.h>
| #ifdef HAVE_SYS_TYPES_H
| # include <sys/types.h>
| #endif
| #ifdef HAVE_SYS_STAT_H
| # include <sys/stat.h>
| #endif
| #ifdef STDC_HEADERS
| # include <stdlib.h>
| # include <stddef.h>
| #else
| # ifdef HAVE_STDLIB_H
| #  include <stdlib.h>
| # endif
| #endif
| #ifdef HAVE_STRING_H
| # if !defined STDC_HEADERS && defined HAVE_MEMORY_H
| #  include <memory.h>
| # endif
| # include <string.h>
| #endif
| #ifdef HAVE_STRINGS_H
| # include <strings.h>
| #endif
| #ifdef HAVE_INTTYPES_H
| # include <inttypes.h>
| #endif
| #ifdef HAVE_STDINT_H
| # include <stdint.h>
| #endif
| #ifdef HAVE_UNISTD_H
| # include <unistd.h>
| #endif
| int
| main ()
| {
| if (sizeof ((size_t)))
| 	    return 0;
|   ;
|   return 0;
| }
configure:4997: result: yes
configure:5012: checking for stdlib.h
configure:5012: result: yes
configure:5022: checking for GNU libc compatible malloc
configure:5046: gcc -o conftest -g -O2   conftest.c -lpcap -lpthread  >&5
configure:5046: $? = 0
configure:5046: ./conftest
configure:5046: $? = 0
configure:5056: result: yes
configure:5080: checking for memset
configure:5080: gcc -o conftest -g -O2   conftest.c -lpcap -lpthread  >&5
conftest.c:57:6: warning: conflicting types for built-in function 'memset' [enabled by default]
 char memset ();
      ^
configure:5080: $? = 0
configure:5080: result: yes
configure:5080: checking for sqrt
configure:5080: gcc -o conftest -g -O2   conftest.c -lpcap -lpthread  >&5
conftest.c:58:6: warning: conflicting types for built-in function 'sqrt' [enabled by default]
 char sqrt ();
      ^
/tmp/ccIoz9T4.o: In function `main':
/nfs_ds/users/mirkovic/SENSS/Detection/AMON-SENSS/release/conftest.c:69: undefined reference to `sqrt'
collect2: error: ld returned 1 exit status
configure:5080: $? = 1
configure: failed program was:
| /* confdefs.h */
| #define PACKAGE_NAME "AMON-SENSS"
| #define PACKAGE_TARNAME "amon-senss"
| #define PACKAGE_VERSION "1.0"
| #define PACKAGE_STRING "AMON-SENSS 1.0"
| #define PACKAGE_BUGREPORT "sunshine@isi.edu"
| #define PACKAGE_URL ""
| #define PACKAGE "amon-senss"
| #define VERSION "1.0"
| #define STDC_HEADERS 1
| #define HAVE_SYS_TYPES_H 1
| #define HAVE_SYS_STAT_H 1
| #define HAVE_STDLIB_H 1
| #define HAVE_STRING_H 1
| #define HAVE_MEMORY_H 1
| #define HAVE_STRINGS_H 1
| #define HAVE_INTTYPES_H 1
| #define HAVE_STDINT_H 1
| #define HAVE_UNISTD_H 1
| #define HAVE_ARPA_INET_H 1
| #define HAVE_FCNTL_H 1
| #define HAVE_LOCALE_H 1
| #define HAVE_NETDB_H 1
| #define HAVE_NETINET_IN_H 1
| #define HAVE_STDINT_H 1
| #define HAVE_STRING_H 1
| #define HAVE_SYS_SOCKET_H 1
| #define HAVE_SYS_TIME_H 1
| #define HAVE_UNISTD_H 1
| #define HAVE__BOOL 1
| #define HAVE_STDLIB_H 1
| #define HAVE_MALLOC 1
| #define HAVE_MEMSET 1
| /* end confdefs.h.  */
| /* Define sqrt to an innocuous variant, in case <limits.h> declares sqrt.
|    For example, HP-UX 11i <limits.h> declares gettimeofday.  */
| #define sqrt innocuous_sqrt
| 
| /* System header to define __stub macros and hopefully few prototypes,
|     which can conflict with char sqrt (); below.
|     Prefer <limits.h> to <assert.h> if __STDC__ is defined, since
|     <limits.h> exists even on freestanding compilers.  */
| 
| #ifdef __STDC__
| # include <limits.h>
| #else
| # include <assert.h>
| #endif
| 
| #undef sqrt
| 
| /* Override any GCC internal prototype to avoid an error.
|    Use char because int might match the return type of a GCC
|    builtin and then its argument prototype would still apply.  */
| #ifdef __cplusplus
| extern "C"
| #endif
| char sqrt ();
| /* The GNU C library defines this for functions which it implements
|     to always fail with ENOSYS.  Some functions are actually named
|     something starting with __ and the normal name is an alias.  */
| #if defined __stub_sqrt || defined __stub___sqrt
| choke me
| #endif
| 
| int
| main ()
| {
| return sqrt ();
|   ;
|   return 0;
| }
configure:5080: result: no
configure:5080: checking for strcasecmp
configure:5080: gcc -o conftest -g -O2   conftest.c -lpcap -lpthread  >&5
conftest.c:58:6: warning: conflicting types for built-in function 'strcasecmp' [enabled by default]
 char strcasecmp ();
      ^
configure:5080: $? = 0
configure:5080: result: yes
configure:5080: checking for strdup
configure:5080: gcc -o conftest -g -O2   conftest.c -lpcap -lpthread  >&5
conftest.c:59:6: warning: conflicting types for built-in function 'strdup' [enabled by default]
 char strdup ();
      ^
configure:5080: $? = 0
configure:5080: result: yes
configure:5080: checking for strstr
configure:5080: gcc -o conftest -g -O2   conftest.c -lpcap -lpthread  >&5
conftest.c:60:6: warning: conflicting types for built-in function 'strstr' [enabled by default]
 char strstr ();
      ^
configure:5080: $? = 0
configure:5080: result: yes
configure:5080: checking for strtol
configure:5080: gcc -o conftest -g -O2   conftest.c -lpcap -lpthread  >&5
configure:5080: $? = 0
configure:5080: result: yes
configure:5201: checking that generated files are newer than configure
configure:5207: result: done
configure:5234: creating ./config.status

## ---------------------- ##
## Running config.status. ##
## ---------------------- ##

This file was extended by AMON-SENSS config.status 1.0, which was
generated by GNU Autoconf 2.69.  Invocation command line was

  CONFIG_FILES    = 
  CONFIG_HEADERS  = 
  CONFIG_LINKS    = 
  CONFIG_COMMANDS = 
  $ ./config.status 

on patrol

config.status:877: creating Makefile
config.status:877: creating config.h
config.status:1058: config.h is unchanged
config.status:1106: executing depfiles commands

## ---------------- ##
## Cache variables. ##
## ---------------- ##

ac_cv_c_compiler_gnu=yes
ac_cv_c_int32_t=yes
ac_cv_cxx_compiler_gnu=yes
ac_cv_env_CCC_set=
ac_cv_env_CCC_value=
ac_cv_env_CC_set=
ac_cv_env_CC_value=
ac_cv_env_CFLAGS_set=
ac_cv_env_CFLAGS_value=
ac_cv_env_CPPFLAGS_set=
ac_cv_env_CPPFLAGS_value=
ac_cv_env_CPP_set=
ac_cv_env_CPP_value=
ac_cv_env_CXXFLAGS_set=
ac_cv_env_CXXFLAGS_value=
ac_cv_env_CXX_set=
ac_cv_env_CXX_value=
ac_cv_env_LDFLAGS_set=
ac_cv_env_LDFLAGS_value=
ac_cv_env_LIBS_set=
ac_cv_env_LIBS_value=
ac_cv_env_build_alias_set=
ac_cv_env_build_alias_value=
ac_cv_env_host_alias_set=
ac_cv_env_host_alias_value=
ac_cv_env_target_alias_set=
ac_cv_env_target_alias_value=
ac_cv_func_malloc_0_nonnull=yes
ac_cv_func_memset=yes
ac_cv_func_sqrt=no
ac_cv_func_strcasecmp=yes
ac_cv_func_strdup=yes
ac_cv_func_strstr=yes
ac_cv_func_strtol=yes
ac_cv_header_arpa_inet_h=yes
ac_cv_header_fcntl_h=yes
ac_cv_header_inttypes_h=yes
ac_cv_header_locale_h=yes
ac_cv_header_memory_h=yes
ac_cv_header_netdb_h=yes
ac_cv_header_netinet_in_h=yes
ac_cv_header_stdbool_h=yes
ac_cv_header_stdc=yes
ac_cv_header_stdint_h=yes
ac_cv_header_stdlib_h=yes
ac_cv_header_string_h=yes
ac_cv_header_strings_h=yes
ac_cv_header_sys_socket_h=yes
ac_cv_header_sys_stat_h=yes
ac_cv_header_sys_time_h=yes
ac_cv_header_sys_types_h=yes
ac_cv_header_unistd_h=yes
ac_cv_objext=o
ac_cv_path_EGREP='/bin/grep -E'
ac_cv_path_GREP=/bin/grep
ac_cv_path_install='/usr/bin/install -c'
ac_cv_path_mkdir=/bin/mkdir
ac_cv_prog_AWK=gawk
ac_cv_prog_CPP='gcc -E'
ac_cv_prog_ac_ct_CC=gcc
ac_cv_prog_ac_ct_CXX=g++
ac_cv_prog_cc_c89=
ac_cv_prog_cc_g=yes
ac_cv_prog_cxx_g=yes
ac_cv_prog_make_make_set=yes
ac_cv_search_pcap_open_offline=-lpcap
ac_cv_search_pthread_create=-lpthread
ac_cv_type__Bool=yes
ac_cv_type_size_t=yes
am_cv_CC_dependencies_compiler_type=gcc3
am_cv_CXX_dependencies_compiler_type=gcc3
am_cv_make_support_nested_variables=yes
am_cv_prog_cc_c_o=yes

## ----------------- ##
## Output variables. ##
## ----------------- ##

ACLOCAL='${SHELL} /nfs_ds/users/mirkovic/SENSS/Detection/AMON-SENSS/missing aclocal-1.15'
AMDEPBACKSLASH='\'
AMDEP_FALSE='#'
AMDEP_TRUE=''
AMTAR='$${TAR-tar}'
AM_BACKSLASH='\'
AM_DEFAULT_V='$(AM_DEFAULT_VERBOSITY)'
AM_DEFAULT_VERBOSITY='1'
AM_V='$(V)'
AUTOCONF='${SHELL} /nfs_ds/users/mirkovic/SENSS/Detection/AMON-SENSS/missing autoconf'
AUTOHEADER='${SHELL} /nfs_ds/users/mirkovic/SENSS/Detection/AMON-SENSS/missing autoheader'
AUTOMAKE='${SHELL} /nfs_ds/users/mirkovic/SENSS/Detection/AMON-SENSS/missing automake-1.15'
AWK='gawk'
CC='gcc'
CCDEPMODE='depmode=gcc3'
CFLAGS='-g -O2'
CPP='gcc -E'
CPPFLAGS=''
CXX='g++'
CXXDEPMODE='depmode=gcc3'
CXXFLAGS='-g -O2'
CYGPATH_W='echo'
DEFS='-DHAVE_CONFIG_H'
DEPDIR='.deps'
ECHO_C=''
ECHO_N='-n'
ECHO_T=''
EGREP='/bin/grep -E'
EXEEXT=''
GREP='/bin/grep'
INSTALL_DATA='${INSTALL} -m 644'
INSTALL_PROGRAM='${INSTALL}'
INSTALL_SCRIPT='${INSTALL}'
INSTALL_STRIP_PROGRAM='$(install_sh) -c -s'
LDFLAGS=''
LIBOBJS=''
LIBS='-lpcap -lpthread '
LTLIBOBJS=''
MAKEINFO='${SHELL} /nfs_ds/users/mirkovic/SENSS/Detection/AMON-SENSS/missing makeinfo'
MKDIR_P='/bin/mkdir -p'
OBJEXT='o'
PACKAGE='amon-senss'
PACKAGE_BUGREPORT='sunshine@isi.edu'
PACKAGE_NAME='AMON-SENSS'
PACKAGE_STRING='AMON-SENSS 1.0'
PACKAGE_TARNAME='amon-senss'
PACKAGE_URL=''
PACKAGE_VERSION='1.0'
PATH_SEPARATOR=':'
SET_MAKE=''
SHELL='/bin/bash'
STRIP=''
VERSION='1.0'
ac_ct_CC='gcc'
ac_ct_CXX='g++'
am__EXEEXT_FALSE=''
am__EXEEXT_TRUE='#'
am__fastdepCC_FALSE='#'
am__fastdepCC_TRUE=''
am__fastdepCXX_FALSE='#'
am__fastdepCXX_TRUE=''
am__include='include'
am__isrc=''
am__leading_dot='.'
am__nodep='_no'
am__quote=''
am__tar='$${TAR-tar} chof - "$$tardir"'
am__untar='$${TAR-tar} xf -'
bindir='${exec_prefix}/bin'
build_alias=''
datadir='${datarootdir}'
datarootdir='${prefix}/share'
docdir='${datarootdir}/doc/${PACKAGE_TARNAME}'
dvidir='${docdir}'
exec_prefix='${prefix}'
host_alias=''
htmldir='${docdir}'
includedir='${prefix}/include'
infodir='${datarootdir}/info'
install_sh='${SHELL} /nfs_ds/users/mirkovic/SENSS/Detection/AMON-SENSS/install-sh'
libdir='${exec_prefix}/lib'
libexecdir='${exec_prefix}/libexec'
localedir='${datarootdir}/locale'
localstatedir='${prefix}/var'
mandir='${datarootdir}/man'
mkdir_p='$(MKDIR_P)'
oldincludedir='/usr/include'
pdfdir='${docdir}'
prefix='/usr/local'
program_transform_name='s,x,x,'
psdir='${docdir}'
runstatedir='${localstatedir}/run'
sbindir='${exec_prefix}/sbin'
sharedstatedir='${prefix}/com'
sysconfdir='${prefix}/etc'
target_alias=''

## ----------- ##
## confdefs.h. ##
## ----------- ##

/* confdefs.h */
#define PACKAGE_NAME "AMON-SENSS"
#define PACKAGE_TARNAME "amon-senss"
#define PACKAGE_VERSION "1.0"
#define PACKAGE_STRING "AMON-SENSS 1.0"
#define PACKAGE_BUGREPORT "sunshine@isi.edu"
#define PACKAGE_URL ""
#define PACKAGE "amon-senss"
#define VERSION "1.0"
#define STDC_HEADERS 1
#define HAVE_SYS_TYPES_H 1
#define HAVE_SYS_STAT_H 1
#define HAVE_STDLIB_H 1
#define HAVE_STRING_H 1
#define HAVE_MEMORY_H 1
#define HAVE_STRINGS_H 1
#define HAVE_INTTYPES_H 1
#define HAVE_STDINT_H 1
#define HAVE_UNISTD_H 1
#define HAVE_ARPA_INET_H 1
#define HAVE_FCNTL_H 1
#define HAVE_LOCALE_H 1
#define HAVE_NETDB_H 1
#define HAVE_NETINET_IN_H 1
#define HAVE_STDINT_H 1
#define HAVE_STRING_H 1
#define HAVE_SYS_SOCKET_H 1
#define HAVE_SYS_TIME_H 1
#define HAVE_UNISTD_H 1
#define HAVE__BOOL 1
#define HAVE_STDLIB_H 1
#define HAVE_MALLOC 1
#define HAVE_MEMSET 1
#define HAVE_STRCASECMP 1
#define HAVE_STRDUP 1
#define HAVE_STRSTR 1
#define HAVE_STRTOL 1

configure: exit 0
